<?xml version="1.0" encoding="UTF-8"?>
<testsuite name="com.wordz.domain.WordTest" tests="1" skipped="0" failures="0" errors="0" timestamp="2024-05-03T06:31:29" hostname="pieropr2k-IdeaPad-3-14IML05" time="0.284">
  <properties/>
  <testcase name="allScoreCombinations()" classname="com.wordz.domain.WordTest" time="0.284"/>
  <system-out><![CDATA[]]></system-out>
  <system-err><![CDATA[]]></system-err>
</testsuite>
