<?xml version="1.0" encoding="UTF-8"?>
<testsuite name="FootballTeamTest" tests="10" skipped="0" failures="0" errors="0" timestamp="2024-04-24T00:53:51" hostname="pieropr2k-IdeaPad-3-14IML05" time="0.084">
  <properties/>
  <testcase name="[1] -10" classname="FootballTeamTest" time="0.057"/>
  <testcase name="[2] -1" classname="FootballTeamTest" time="0.001"/>
  <testcase name="teamsWithSameNumberOfMatchesWonShouldBeEqual()" classname="FootballTeamTest" time="0.004"/>
  <testcase name="teamsWithMoreMatchesWonShouldBeGreater()" classname="FootballTeamTest" time="0.003"/>
  <testcase name="shouldBePossibleToCompareTeams()" classname="FootballTeamTest" time="0.002"/>
  <testcase name="teamsWithLessMatchesWonShouldBeLesser()" classname="FootballTeamTest" time="0.001"/>
  <testcase name="[1] 0" classname="FootballTeamTest" time="0.001"/>
  <testcase name="[2] 1" classname="FootballTeamTest" time="0.001"/>
  <testcase name="[3] 3" classname="FootballTeamTest" time="0.001"/>
  <testcase name="[4] 10" classname="FootballTeamTest" time="0.001"/>
  <system-out><![CDATA[]]></system-out>
  <system-err><![CDATA[]]></system-err>
</testsuite>
