<?xml version="1.0" encoding="UTF-8"?>
<testsuite name="com.wordz.domain.WordTest" tests="2" skipped="0" failures="0" errors="0" timestamp="2024-05-08T14:53:29" hostname="pieropr2k-IdeaPad-3-14IML05" time="0.05">
  <properties/>
  <testcase name="oneCorrectLetter()" classname="com.wordz.domain.WordTest" time="0.048"/>
  <testcase name="oneIncorrectLetter()" classname="com.wordz.domain.WordTest" time="0.001"/>
  <system-out><![CDATA[]]></system-out>
  <system-err><![CDATA[]]></system-err>
</testsuite>
